
C:\local\loopycam\bin>where     WINMM.dll 
C:\Windows\System32\winmm.dll

C:\local\loopycam\bin>where     OPENGL32.dll 
C:\Windows\System32\opengl32.dll

C:\local\loopycam\bin>where     KERNEL32.dll 
C:\Windows\System32\kernel32.dll

C:\local\loopycam\bin>where     USER32.dll 
C:\Windows\System32\user32.dll

C:\local\loopycam\bin>where     GDI32.dll 
C:\Windows\System32\gdi32.dll

C:\local\loopycam\bin>where     WS2_32.dll 
C:\Windows\System32\ws2_32.dll

C:\local\loopycam\bin>where     cv210d.dll 
C:\local\loopycam\bin\cv210d.dll

C:\local\loopycam\bin>where     cxcore210d.dll 
C:\local\loopycam\bin\cxcore210d.dll

C:\local\loopycam\bin>where     highgui210d.dll 
C:\local\loopycam\bin\highgui210d.dll

C:\local\loopycam\bin>where     MSVCR120D.dll 
C:\Windows\System32\msvcr120d.dll

C:\local\loopycam\bin>where     MSVCP120D.dll 
C:\Windows\System32\msvcp120d.dll
